2025-10-27 00:24:13 | INFO     | logger.py:87 | 데이터 정규화 시작: 267250.KS
2025-10-27 01:15:44 | INFO     | logger.py:87 | 데이터 정규화 시작: 005930.KS
2025-10-27 01:16:34 | INFO     | logger.py:87 | 프리미엄 PDF 생성 시작: 삼성전자
2025-10-27 01:16:34 | ERROR    | logger.py:72 | 프리미엄 PDF 생성 실패
2025-10-27 01:16:34 | ERROR    | logger.py:74 | Exception: TypeError: unsupported format string passed to dict.__format__
2025-10-27 01:16:34 | ERROR    | logger.py:75 | Traceback (most recent call last):
  File "C:\Users\기광우\OneDrive\Desktop\기광우 업무\AI\시장분석시스템\web\app.py", line 576, in download_premium_pdf
    output_path = premium_pdf_generator.generate_report(reports_dir, data)
  File "C:\Users\기광우\OneDrive\Desktop\기광우 업무\AI\시장분석시스템\reports\premium_pdf_generator.py", line 176, in generate_report
    story.extend(self._create_phase3_analysis(analysis_data))
                 ~~~~~~~~~~~~~~~~~~~~~~~~~~~~^^^^^^^^^^^^^^^
  File "C:\Users\기광우\OneDrive\Desktop\기광우 업무\AI\시장분석시스템\reports\premium_pdf_generator.py", line 453, in _create_phase3_analysis
    vol_text = f"현재 거래량: {volume.get('current_volume', 0):,.0f}<br/>" \
                              ^^^^^^^^^^^^^^^^^^^^^^^^^^^^^^^^^^^^^^
TypeError: unsupported format string passed to dict.__format__

2025-10-27 09:52:39 | INFO     | logger.py:87 | 데이터 정규화 시작: dogecoin
2025-10-27 09:57:44 | INFO     | logger.py:87 | 데이터 정규화 시작: ripple
2025-10-27 09:57:45 | INFO     | logger.py:87 | 데이터 정규화 시작: ripple
2025-10-27 10:00:29 | INFO     | logger.py:87 | 데이터 정규화 시작: 267250.KS
2025-10-27 10:16:07 | INFO     | logger.py:87 | 데이터 정규화 시작: 267250.KS
2025-10-27 10:16:15 | INFO     | logger.py:87 | 데이터 정규화 시작: 267250.KS
2025-10-27 10:25:59 | INFO     | logger.py:87 | 데이터 정규화 시작: 034020.KS
2025-10-27 10:26:33 | INFO     | logger.py:87 | 데이터 정규화 시작: 125490.KQ
2025-10-27 10:30:00 | INFO     | logger.py:87 | 데이터 정규화 시작: 125490.KQ
2025-10-27 10:31:16 | INFO     | logger.py:87 | 데이터 정규화 시작: 298040.KS
2025-10-27 10:34:45 | INFO     | logger.py:87 | 데이터 정규화 시작: 348340.KQ
2025-10-27 10:49:08 | INFO     | logger.py:87 | 데이터 정규화 시작: 457190.KS
2025-10-27 11:24:10 | INFO     | logger.py:87 | 데이터 정규화 시작: ripple
2025-10-27 11:24:12 | INFO     | logger.py:87 | 데이터 정규화 시작: ripple
2025-10-27 11:24:34 | INFO     | logger.py:87 | 공유 텍스트 생성 시작: XRP
2025-10-27 11:24:34 | INFO     | logger.py:87 | 공유 텍스트 생성 완료
2025-10-27 11:25:25 | INFO     | logger.py:87 | 데이터 정규화 시작: dogecoin
2025-10-27 11:25:48 | INFO     | logger.py:87 | 공유 텍스트 생성 시작: Dogecoin
2025-10-27 11:25:48 | INFO     | logger.py:87 | 공유 텍스트 생성 완료
2025-10-27 11:49:02 | INFO     | logger.py:87 | 프리미엄 PDF 생성 시작: Dogecoin
2025-10-27 11:49:02 | ERROR    | logger.py:72 | 프리미엄 PDF 생성 실패
2025-10-27 11:49:02 | ERROR    | logger.py:74 | Exception: TypeError: unsupported format string passed to dict.__format__
2025-10-27 11:49:02 | ERROR    | logger.py:75 | Traceback (most recent call last):
  File "C:\Users\기광우\OneDrive\Desktop\기광우 업무\AI\시장분석시스템\web\app.py", line 583, in download_premium_pdf
    output_path = premium_pdf_generator.generate_report(reports_dir, data)
  File "C:\Users\기광우\OneDrive\Desktop\기광우 업무\AI\시장분석시스템\reports\premium_pdf_generator.py", line 176, in generate_report
    story.extend(self._create_phase3_analysis(analysis_data))
                 ~~~~~~~~~~~~~~~~~~~~~~~~~~~~^^^^^^^^^^^^^^^
  File "C:\Users\기광우\OneDrive\Desktop\기광우 업무\AI\시장분석시스템\reports\premium_pdf_generator.py", line 453, in _create_phase3_analysis
    vol_text = f"현재 거래량: {volume.get('current_volume', 0):,.0f}<br/>" \
                              ^^^^^^^^^^^^^^^^^^^^^^^^^^^^^^^^^^^^^^
TypeError: unsupported format string passed to dict.__format__

2025-10-27 11:53:47 | INFO     | logger.py:87 | 데이터 정규화 시작: dogecoin
2025-10-27 11:53:49 | INFO     | logger.py:87 | 데이터 정규화 시작: dogecoin
2025-10-27 11:56:47 | INFO     | logger.py:87 | 프리미엄 PDF 생성 시작: Dogecoin
2025-10-27 11:56:47 | INFO     | logger.py:87 | 프리미엄 PDF 생성 완료: Dogecoin_투자분석보고서_20251027_115647.pdf
2025-10-27 12:44:19 | INFO     | logger.py:87 | 데이터 정규화 시작: dogecoin
2025-10-27 12:44:22 | INFO     | logger.py:87 | 데이터 정규화 시작: dogecoin
2025-10-27 13:06:53 | INFO     | logger.py:87 | 데이터 정규화 시작: ripple
